<?xml version="1.0" encoding="UTF-8"?>
<!-- Generated by org.testng.reporters.JUnitXMLReporter -->
<testsuite ignored="0" hostname="RoronoaZoro" failures="1" tests="1" name="chrometest" time="4.631" errors="0" timestamp="2025-09-11T17:07:47 IST">
  <testcase classname="testCases.TC01_AccountRegistrationTest" name="Verfy_account_registration" time="2.02">
    <failure type="java.lang.AssertionError" message="expected [Your Account Has Been Created] but found [Your Account Has Been Created!]">
      <![CDATA[java.lang.AssertionError: expected [Your Account Has Been Created] but found [Your Account Has Been Created!]
at testCases.TC01_AccountRegistrationTest.Verfy_account_registration(TC01_AccountRegistrationTest.java:49)
at java.base/java.util.ArrayList.forEach(ArrayList.java:1511)
at java.base/java.util.concurrent.FutureTask.run(FutureTask.java:264)
at java.base/java.util.concurrent.ThreadPoolExecutor.runWorker(ThreadPoolExecutor.java:1136)
at java.base/java.util.concurrent.ThreadPoolExecutor$Worker.run(ThreadPoolExecutor.java:635)
at java.base/java.lang.Thread.run(Thread.java:833)
... Removed 21 stack frames]]>
    </failure>
  </testcase> <!-- Verfy_account_registration -->
</testsuite> <!-- chrometest -->
