<?xml version="1.0" encoding="UTF-8"?>
<!-- Generated by org.testng.reporters.JUnitXMLReporter -->
<testsuite ignored="0" hostname="RoronoaZoro" failures="1" tests="1" name="edgeest" time="5.151" errors="0" timestamp="2025-09-11T17:05:28 IST">
  <testcase classname="testCases.TC01_AccountRegistrationTest" name="Verfy_account_registration" time="1.46">
    <failure type="java.lang.AssertionError" message="expected [Your Account Has Been Created] but found [Your Account Has Been Created!]">
      <![CDATA[java.lang.AssertionError: expected [Your Account Has Been Created] but found [Your Account Has Been Created!]
at testCases.TC01_AccountRegistrationTest.Verfy_account_registration(TC01_AccountRegistrationTest.java:49)
at java.base/java.util.ArrayList.forEach(ArrayList.java:1511)
... Removed 31 stack frames]]>
    </failure>
  </testcase> <!-- Verfy_account_registration -->
</testsuite> <!-- edgeest -->
