<?xml version="1.0" encoding="UTF-8"?>
<!-- Generated by org.testng.reporters.JUnitXMLReporter -->
<testsuite ignored="0" hostname="RoronoaZoro" failures="7" tests="7" name="mytest" time="1.132" errors="0" timestamp="2025-09-13T12:34:51 IST">
  <testcase classname="testCases.TC01_AccountRegistrationTest" name="Verify_account_registration" time="0.013">
    <failure type="java.lang.NullPointerException" message="Cannot invoke &amp;quot;org.apache.logging.log4j.Logger.info(String)&amp;quot; because &amp;quot;this.logger&amp;quot; is null">
      <![CDATA[java.lang.NullPointerException: Cannot invoke "org.apache.logging.log4j.Logger.info(String)" because "this.logger" is null
at testCases.TC01_AccountRegistrationTest.Verify_account_registration(TC01_AccountRegistrationTest.java:57)
at java.base/java.util.ArrayList.forEach(ArrayList.java:1511)
... Removed 25 stack frames]]>
    </failure>
  </testcase> <!-- Verify_account_registration -->
  <testcase classname="testCases.TC02_LoginTest" name="LoginTest" time="0.001">
    <failure type="java.lang.NullPointerException" message="Cannot invoke &amp;quot;org.apache.logging.log4j.Logger.info(String)&amp;quot; because &amp;quot;this.logger&amp;quot; is null">
      <![CDATA[java.lang.NullPointerException: Cannot invoke "org.apache.logging.log4j.Logger.info(String)" because "this.logger" is null
at testCases.TC02_LoginTest.LoginTest(TC02_LoginTest.java:13)
at java.base/java.util.ArrayList.forEach(ArrayList.java:1511)
... Removed 25 stack frames]]>
    </failure>
  </testcase> <!-- LoginTest -->
  <testcase classname="testCases.TC03_LoginTestDDT" name="Verify_LoginDDT" time="0.003">
    <failure type="java.lang.NullPointerException" message="Cannot invoke &amp;quot;org.apache.logging.log4j.Logger.info(String)&amp;quot; because &amp;quot;this.logger&amp;quot; is null">
      <![CDATA[java.lang.NullPointerException: Cannot invoke "org.apache.logging.log4j.Logger.info(String)" because "this.logger" is null
at testCases.TC03_LoginTestDDT.Verify_LoginDDT(TC03_LoginTestDDT.java:17)
at java.base/java.util.ArrayList.forEach(ArrayList.java:1511)
... Removed 25 stack frames]]>
    </failure>
  </testcase> <!-- Verify_LoginDDT -->
  <testcase classname="testCases.TC03_LoginTestDDT" name="Verify_LoginDDT" time="0.001">
    <failure type="java.lang.NullPointerException" message="Cannot invoke &amp;quot;org.apache.logging.log4j.Logger.info(String)&amp;quot; because &amp;quot;this.logger&amp;quot; is null">
      <![CDATA[java.lang.NullPointerException: Cannot invoke "org.apache.logging.log4j.Logger.info(String)" because "this.logger" is null
at testCases.TC03_LoginTestDDT.Verify_LoginDDT(TC03_LoginTestDDT.java:17)
at java.base/java.util.ArrayList.forEach(ArrayList.java:1511)
... Removed 25 stack frames]]>
    </failure>
  </testcase> <!-- Verify_LoginDDT -->
  <testcase classname="testCases.TC03_LoginTestDDT" name="Verify_LoginDDT" time="0.001">
    <failure type="java.lang.NullPointerException" message="Cannot invoke &amp;quot;org.apache.logging.log4j.Logger.info(String)&amp;quot; because &amp;quot;this.logger&amp;quot; is null">
      <![CDATA[java.lang.NullPointerException: Cannot invoke "org.apache.logging.log4j.Logger.info(String)" because "this.logger" is null
at testCases.TC03_LoginTestDDT.Verify_LoginDDT(TC03_LoginTestDDT.java:17)
at java.base/java.util.ArrayList.forEach(ArrayList.java:1511)
... Removed 25 stack frames]]>
    </failure>
  </testcase> <!-- Verify_LoginDDT -->
  <testcase classname="testCases.TC03_LoginTestDDT" name="Verify_LoginDDT" time="0.002">
    <failure type="java.lang.NullPointerException" message="Cannot invoke &amp;quot;org.apache.logging.log4j.Logger.info(String)&amp;quot; because &amp;quot;this.logger&amp;quot; is null">
      <![CDATA[java.lang.NullPointerException: Cannot invoke "org.apache.logging.log4j.Logger.info(String)" because "this.logger" is null
at testCases.TC03_LoginTestDDT.Verify_LoginDDT(TC03_LoginTestDDT.java:17)
at java.base/java.util.ArrayList.forEach(ArrayList.java:1511)
... Removed 25 stack frames]]>
    </failure>
  </testcase> <!-- Verify_LoginDDT -->
  <testcase classname="testCases.TC03_LoginTestDDT" name="Verify_LoginDDT" time="0.002">
    <failure type="java.lang.NullPointerException" message="Cannot invoke &amp;quot;org.apache.logging.log4j.Logger.info(String)&amp;quot; because &amp;quot;this.logger&amp;quot; is null">
      <![CDATA[java.lang.NullPointerException: Cannot invoke "org.apache.logging.log4j.Logger.info(String)" because "this.logger" is null
at testCases.TC03_LoginTestDDT.Verify_LoginDDT(TC03_LoginTestDDT.java:17)
at java.base/java.util.ArrayList.forEach(ArrayList.java:1511)
... Removed 25 stack frames]]>
    </failure>
  </testcase> <!-- Verify_LoginDDT -->
</testsuite> <!-- mytest -->
